<?xml version="1.0" encoding="UTF-8"?>
<!-- Generated by org.testng.reporters.JUnitReportReporter -->
<testsuite hostname="DESKTOP-5V553F8" failures="0" tests="5" name="testscript.LoginTestCase" time="47.555" errors="0" timestamp="2025-10-27T21:40:14 IST" skipped="0">
  <testcase classname="testscript.LoginTestCase" name="validateUserloginWithValidCredentials" time="12.132"/>
  <testcase classname="testscript.LoginTestCase" name="valideUserLoginWithValidUsernameInvalidPassword" time="6.508"/>
  <testcase classname="testscript.LoginTestCase" name="validateUserLoginWithInvalidUsernameValidPAssword" time="9.973"/>
  <testcase classname="testscript.LoginTestCase" name="validateUserLoginWithInvalidUsernameinValidPAssword" time="7.941"/>
  <testcase classname="testscript.LoginTestCase" name="validateUserLoginWithInvalidUsernameinValidPAssword" time="11.001"/>
</testsuite> <!-- testscript.LoginTestCase -->
