<?xml version="1.0" encoding="UTF-8"?>
<!-- Generated by org.testng.reporters.JUnitReportReporter -->
<testsuite hostname="DESKTOP-5V553F8" failures="0" tests="3" name="testscript.AdminUsersTestCase" time="25.876" errors="0" timestamp="2025-10-27T06:57:40 IST" skipped="0">
  <testcase classname="testscript.AdminUsersTestCase" name="verifyTheUserCanABleToCreateNewAdminUsers" time="7.451"/>
  <testcase classname="testscript.AdminUsersTestCase" name="verifyTheUserCanAbletoSearchTheExistingAdminUser" time="6.517"/>
  <testcase classname="testscript.AdminUsersTestCase" name="verifyTheAdminClickOnTheResetButton" time="11.908"/>
</testsuite> <!-- testscript.AdminUsersTestCase -->
