<?xml version="1.0" encoding="UTF-8"?>
<!-- Generated by org.testng.reporters.JUnitReportReporter -->
<testsuite hostname="DESKTOP-5V553F8" failures="0" tests="5" name="testscript.LoginTestCase" time="61.975" errors="0" timestamp="2025-10-27T07:04:51 IST" skipped="0">
  <testcase classname="testscript.LoginTestCase" name="validateUserloginWithValidCredentials" time="9.840"/>
  <testcase classname="testscript.LoginTestCase" name="valideUserLoginWithValidUsernameInvalidPassword" time="9.651"/>
  <testcase classname="testscript.LoginTestCase" name="validateUserLoginWithInvalidUsernameValidPAssword" time="9.473"/>
  <testcase classname="testscript.LoginTestCase" name="validateUserLoginWithInvalidUsernameinValidPAssword" time="11.651"/>
  <testcase classname="testscript.LoginTestCase" name="validateUserLoginWithInvalidUsernameinValidPAssword" time="21.360"/>
</testsuite> <!-- testscript.LoginTestCase -->
