<?xml version="1.0" encoding="UTF-8"?>
<!-- Generated by org.testng.reporters.JUnitReportReporter -->
<testsuite hostname="DESKTOP-5V553F8" failures="0" tests="3" name="testscript.HomeTestCase" time="24.024" errors="0" timestamp="2025-10-27T06:58:29 IST" skipped="0">
  <testcase classname="testscript.HomeTestCase" name="validateUserSuccessfullyLogout" time="10.138"/>
  <testcase classname="testscript.HomeTestCase" name="validatetheUserIsSuccessfullyNavigatetoManageNewsPage" time="7.131"/>
  <testcase classname="testscript.HomeTestCase" name="validatetheUSerIsSuccessfullyNaviagtetoAdminUSersPAge" time="6.755"/>
</testsuite> <!-- testscript.HomeTestCase -->
