<?xml version="1.0" encoding="UTF-8"?>
<!-- Generated by org.testng.reporters.JUnitReportReporter -->
<testsuite hostname="DESKTOP-5V553F8" failures="0" tests="1" name="testscript.LogoutTestCase" time="8.759" errors="0" timestamp="2025-10-08T10:18:25 IST" skipped="0">
  <testcase classname="testscript.LogoutTestCase" name="validateUserSuccessfullyLogout" time="8.759"/>
</testsuite> <!-- testscript.LogoutTestCase -->
