<?xml version="1.0" encoding="UTF-8"?>
<!-- Generated by org.testng.reporters.JUnitReportReporter -->
<testsuite hostname="DESKTOP-5V553F8" failures="0" tests="1" name="testscript.ManageNewsTestCase" time="8.040" errors="0" timestamp="2025-10-27T06:46:11 IST" skipped="0">
  <testcase classname="testscript.ManageNewsTestCase" name="verifyTheUserCanAbleToSearchNews" time="8.040"/>
</testsuite> <!-- testscript.ManageNewsTestCase -->
